<?xml version="1.0" encoding="UTF-8"?>
<!-- Generated by org.testng.reporters.JUnitReportReporter -->
<testsuite hostname="MT-5CD120NMRG" failures="0" tests="10" name="com.runner.Executing_test_cases" time="88.806" errors="0" timestamp="2022-07-30T15:03:33 IST" skipped="0">
  <testcase classname="com.runner.Executing_test_cases" name="step1" time="12.927"/>
  <system-out/>
  <testcase classname="com.runner.Executing_test_cases" name="step2" time="2.668"/>
  <system-out/>
  <testcase classname="com.runner.Executing_test_cases" name="step3" time="11.881"/>
  <system-out/>
  <testcase classname="com.runner.Executing_test_cases" name="step4" time="9.608"/>
  <system-out/>
  <testcase classname="com.runner.Executing_test_cases" name="step5" time="5.497"/>
  <system-out/>
  <testcase classname="com.runner.Executing_test_cases" name="step6" time="9.507"/>
  <system-out/>
  <testcase classname="com.runner.Executing_test_cases" name="step7" time="7.799"/>
  <system-out/>
  <testcase classname="com.runner.Executing_test_cases" name="step8" time="5.871"/>
  <system-out/>
  <testcase classname="com.runner.Executing_test_cases" name="step9" time="10.821"/>
  <system-out/>
  <testcase classname="com.runner.Executing_test_cases" name="step10" time="12.227"/>
  <system-out/>
</testsuite> <!-- com.runner.Executing_test_cases -->
