<?xml version="1.0" encoding="UTF-8"?>
<!-- Generated by org.testng.reporters.JUnitReportReporter -->
<testsuite hostname="MT-5CD120NMRG" failures="0" tests="1" name="com.runner.Menu5" time="11.933" errors="0" timestamp="2022-07-31T16:39:55 IST" skipped="0">
  <testcase classname="com.runner.Menu5" name="menu5" time="11.933"/>
  <system-out/>
</testsuite> <!-- com.runner.Menu5 -->
