<?xml version="1.0" encoding="UTF-8"?>
<!-- Generated by org.testng.reporters.JUnitReportReporter -->
<testsuite hostname="MT-5CD120NMRG" failures="0" tests="10" name="com.runner.Executing_test_cases" time="104.675" errors="0" timestamp="2022-07-31T16:42:35 IST" skipped="0">
  <testcase classname="com.runner.Executing_test_cases" name="step1" time="15.090"/>
  <system-out/>
  <testcase classname="com.runner.Executing_test_cases" name="step2" time="2.367"/>
  <system-out/>
  <testcase classname="com.runner.Executing_test_cases" name="step3" time="13.232"/>
  <system-out/>
  <testcase classname="com.runner.Executing_test_cases" name="step4" time="11.188"/>
  <system-out/>
  <testcase classname="com.runner.Executing_test_cases" name="step5" time="8.100"/>
  <system-out/>
  <testcase classname="com.runner.Executing_test_cases" name="step6" time="14.550"/>
  <system-out/>
  <testcase classname="com.runner.Executing_test_cases" name="step7" time="7.050"/>
  <system-out/>
  <testcase classname="com.runner.Executing_test_cases" name="step8" time="5.271"/>
  <system-out/>
  <testcase classname="com.runner.Executing_test_cases" name="step9" time="16.764"/>
  <system-out/>
  <testcase classname="com.runner.Executing_test_cases" name="step10" time="11.063"/>
  <system-out/>
</testsuite> <!-- com.runner.Executing_test_cases -->
