<?xml version="1.0" encoding="UTF-8"?>
<!-- Generated by org.testng.reporters.JUnitReportReporter -->
<testsuite hostname="MT-5CD120NMRG" failures="0" tests="1" name="com.runner.Menu1" time="5.188" errors="0" timestamp="2022-07-31T16:39:55 IST" skipped="0">
  <testcase classname="com.runner.Menu1" name="menu1" time="5.188"/>
  <system-out/>
</testsuite> <!-- com.runner.Menu1 -->
