<?xml version="1.0" encoding="UTF-8"?>
<!-- Generated by org.testng.reporters.JUnitReportReporter -->
<testsuite hostname="MT-5CD120NMRG" failures="0" tests="1" name="com.runner.Spinner" time="2.901" errors="0" timestamp="2022-07-31T16:39:55 IST" skipped="0">
  <testcase classname="com.runner.Spinner" name="spinner" time="2.901"/>
  <system-out/>
</testsuite> <!-- com.runner.Spinner -->
