<?xml version="1.0" encoding="UTF-8"?>
<!-- Generated by org.testng.reporters.JUnitReportReporter -->
<testsuite hostname="MT-5CD120NMRG" failures="0" tests="1" name="com.runner.FooterContactUs" time="63.193" errors="0" timestamp="2022-07-29T15:25:46 IST" skipped="0">
  <testcase classname="com.runner.FooterContactUs" name="footercontactus" time="63.193"/>
  <system-out/>
</testsuite> <!-- com.runner.FooterContactUs -->
