<?xml version="1.0" encoding="UTF-8"?>
<!-- Generated by org.testng.reporters.JUnitReportReporter -->
<testsuite hostname="MT-5CD120NMRG" failures="0" tests="1" name="com.runner.Footer1ContactUs_MainRunner" time="78.768" errors="0" timestamp="2022-07-30T10:56:39 IST" skipped="0">
  <testcase classname="com.runner.Footer1ContactUs_MainRunner" name="footercontactus" time="78.768"/>
  <system-out/>
</testsuite> <!-- com.runner.Footer1ContactUs_MainRunner -->
